/*C3*/SET SCHEMA PUBLIC
CREATE TABLE IF NOT EXISTS empregado\u000a(\u000a    matricula VARCHAR(10)  NOT NULL,\u000a    nome VARCHAR(256),\u000a    admissao DATE,\u000a    desligamento DATE,\u000a    salario FLOAT,\u000a    PRIMARY KEY (matricula)\u000a)
CREATE TABLE IF NOT EXISTS solicitacao\u000a(\u000a    id integer NOT NULL,\u000a    data timestamp without time zone,\u000a    descricao VARCHAR(256),\u000a    situacao integer,   \u000a    matricula VARCHAR(10)  NOT NULL,\u000a    PRIMARY KEY (id)    \u000a)
CREATE TABLE IF NOT EXISTS usuario\u000a(\u000a    nome VARCHAR(256),    \u000a    perfil integer,\u000a    senha VARCHAR(256),  \u000a    matricula VARCHAR(10),\u000a    PRIMARY KEY (nome)    \u000a)
INSERT INTO EMPREGADO VALUES('789','Pedro Lima','2024-01-14',NULL,5000.0E0)
COMMIT
INSERT INTO EMPREGADO VALUES('788','Pedro Lima','2024-01-14','2025-01-14',5000.0E0)
COMMIT
INSERT INTO EMPREGADO VALUES('777','Matheus Lucas','2024-01-14','2025-01-14',5000.0E0)
COMMIT
DELETE FROM EMPREGADO WHERE MATRICULA='777'
INSERT INTO EMPREGADO VALUES('777','Matheus Lucas','2024-01-19','2025-01-19',80000.0E0)
COMMIT
DELETE FROM EMPREGADO WHERE MATRICULA='777'
COMMIT
INSERT INTO SOLICITACAO VALUES(1051,'2020-03-01 00:00:00.000000','F\u00e9rias',1,'210573')
COMMIT
DELETE FROM SOLICITACAO WHERE ID=1051
INSERT INTO SOLICITACAO VALUES(1051,'2020-03-01 00:00:00.000000','Licen\u00e7a M\u00e9dica',1,'210573')
COMMIT
DELETE FROM SOLICITACAO WHERE ID=1051
COMMIT
